2026-03-25 21:13:07,767 - exzo-server - INFO - 🚀 Starting EXO32 EXZO-Suit Server...
2026-03-25 21:13:07,767 - exzo-server - INFO - 📁 Data directory: /root/KiberAtlet/motor_data
2026-03-25 21:13:07,767 - exzo-server - INFO - 📁 Models directory: /root/KiberAtlet/static/models
2026-03-25 21:13:07,767 - exzo-server - INFO - 📄 Using single template: exzo-suit.html
2026-03-25 21:13:07,768 - exzo-server - INFO - ✅ Database initialized
2026-03-25 21:13:13,370 - exzo-server - INFO - 🚀 Starting EXO32 EXZO-Suit Server...
2026-03-25 21:13:13,370 - exzo-server - INFO - 📁 Data directory: /root/KiberAtlet/motor_data
2026-03-25 21:13:13,370 - exzo-server - INFO - 📁 Models directory: /root/KiberAtlet/static/models
2026-03-25 21:13:13,370 - exzo-server - INFO - 📄 Using single template: exzo-suit.html
2026-03-25 21:13:13,370 - exzo-server - INFO - ✅ Database initialized
2026-03-25 21:13:18,876 - exzo-server - INFO - 🚀 Starting EXO32 EXZO-Suit Server...
2026-03-25 21:13:18,877 - exzo-server - INFO - 📁 Data directory: /root/KiberAtlet/motor_data
2026-03-25 21:13:18,877 - exzo-server - INFO - 📁 Models directory: /root/KiberAtlet/static/models
2026-03-25 21:13:18,877 - exzo-server - INFO - 📄 Using single template: exzo-suit.html
2026-03-25 21:13:18,877 - exzo-server - INFO - ✅ Database initialized
2026-03-25 21:13:24,365 - exzo-server - INFO - 🚀 Starting EXO32 EXZO-Suit Server...
2026-03-25 21:13:24,366 - exzo-server - INFO - 📁 Data directory: /root/KiberAtlet/motor_data
2026-03-25 21:13:24,366 - exzo-server - INFO - 📁 Models directory: /root/KiberAtlet/static/models
2026-03-25 21:13:24,366 - exzo-server - INFO - 📄 Using single template: exzo-suit.html
2026-03-25 21:13:24,367 - exzo-server - INFO - ✅ Database initialized
2026-03-25 21:13:29,743 - exzo-server - INFO - 🚀 Starting EXO32 EXZO-Suit Server...
2026-03-25 21:13:29,743 - exzo-server - INFO - 📁 Data directory: /root/KiberAtlet/motor_data
2026-03-25 21:13:29,743 - exzo-server - INFO - 📁 Models directory: /root/KiberAtlet/static/models
2026-03-25 21:13:29,743 - exzo-server - INFO - 📄 Using single template: exzo-suit.html
2026-03-25 21:13:29,743 - exzo-server - INFO - ✅ Database initialized
2026-03-25 21:18:58,236 - exzo-server - INFO - 🚀 Starting EXO32 EXZO-Suit Server...
2026-03-25 21:18:58,237 - exzo-server - INFO - 📁 Data directory: /root/KiberAtlet/motor_data
2026-03-25 21:18:58,237 - exzo-server - INFO - 📁 Models directory: /root/KiberAtlet/static/models
2026-03-25 21:18:58,237 - exzo-server - INFO - 📄 Using single template: exzo-suit.html
2026-03-25 21:18:58,237 - exzo-server - INFO - ✅ Database initialized
2026-03-25 21:23:25,745 - exzo-server - INFO - 🚀 Starting EXO32 EXZO-Suit Server...
2026-03-25 21:23:25,746 - exzo-server - INFO - 📁 Data directory: /root/KiberAtlet/motor_data
2026-03-25 21:23:25,746 - exzo-server - INFO - 📁 Models directory: /root/KiberAtlet/static/models
2026-03-25 21:23:25,746 - exzo-server - INFO - 📄 Using single template: exzo-suit.html
2026-03-25 21:23:25,746 - exzo-server - INFO - ✅ Database initialized
2026-03-25 21:35:28,391 - exzo-server - INFO - 🚀 Starting EXO32 EXZO-Suit Server...
2026-03-25 21:35:28,392 - exzo-server - INFO - 📁 Data directory: /root/KiberAtlet/motor_data
2026-03-25 21:35:28,392 - exzo-server - INFO - 📁 Models directory: /root/KiberAtlet/static/models
2026-03-25 21:35:28,392 - exzo-server - INFO - 📄 Using single template: exzo-suit.html
2026-03-25 21:35:28,392 - exzo-server - INFO - ✅ Database initialized
2026-03-25 21:38:27,926 - exzo-server - INFO - 🚀 Starting EXO32 EXZO-Suit Server...
2026-03-25 21:38:27,926 - exzo-server - INFO - 📁 Data directory: /root/KiberAtlet/motor_data
2026-03-25 21:38:27,926 - exzo-server - INFO - 📁 Models directory: /root/KiberAtlet/static/models
2026-03-25 21:38:27,926 - exzo-server - INFO - 📄 Using single template: exzo-suit.html
2026-03-25 21:38:27,926 - exzo-server - INFO - ✅ Database initialized
2026-03-25 21:41:22,670 - exzo-server - INFO - 🚀 Starting EXO32 EXZO-Suit Server...
2026-03-25 21:41:22,671 - exzo-server - INFO - 📁 Data directory: /root/KiberAtlet/motor_data
2026-03-25 21:41:22,671 - exzo-server - INFO - 📁 Models directory: /root/KiberAtlet/static/models
2026-03-25 21:41:22,671 - exzo-server - INFO - 📄 Using single template: exzo-suit.html
2026-03-25 21:41:22,671 - exzo-server - INFO - ✅ Database initialized
2026-03-25 21:45:51,933 - exzo-server - INFO - 🚀 Starting EXO32 EXZO-Suit Server...
2026-03-25 21:45:51,934 - exzo-server - INFO - 📁 Data directory: /root/KiberAtlet/motor_data
2026-03-25 21:45:51,934 - exzo-server - INFO - 📁 Models directory: /root/KiberAtlet/static/models
2026-03-25 21:45:51,934 - exzo-server - INFO - 📄 Using single template: exzo-suit.html
2026-03-25 21:45:51,934 - exzo-server - INFO - ✅ Database initialized
2026-03-25 21:47:55,834 - exzo-server - INFO - 🚀 Starting EXO32 EXZO-Suit Server...
2026-03-25 21:47:55,835 - exzo-server - INFO - 📁 Data directory: /root/KiberAtlet/motor_data
2026-03-25 21:47:55,835 - exzo-server - INFO - 📁 Models directory: /root/KiberAtlet/static/models
2026-03-25 21:47:55,835 - exzo-server - INFO - 📄 Using single template: exzo-suit.html
2026-03-25 21:47:55,835 - exzo-server - INFO - ✅ Database initialized
2026-03-25 21:53:15,900 - exzo-server - INFO - 🚀 Starting EXO32 EXZO-Suit Server...
2026-03-25 21:53:15,900 - exzo-server - INFO - 📁 Data directory: /root/KiberAtlet/motor_data
2026-03-25 21:53:15,900 - exzo-server - INFO - 📁 Models directory: /root/KiberAtlet/static/models
2026-03-25 21:53:15,900 - exzo-server - INFO - 📄 Using single template: exzo-suit.html
2026-03-25 21:53:15,901 - exzo-server - INFO - ✅ Database initialized
2026-03-25 21:55:39,285 - exzo-server - INFO - 🚀 Starting EXO32 EXZO-Suit Server...
2026-03-25 21:55:39,286 - exzo-server - INFO - 📁 Data directory: /root/KiberAtlet/motor_data
2026-03-25 21:55:39,286 - exzo-server - INFO - 📁 Models directory: /root/KiberAtlet/static/models
2026-03-25 21:55:39,286 - exzo-server - INFO - 📄 Using single template: exzo-suit.html
2026-03-25 21:55:39,286 - exzo-server - INFO - ✅ Database initialized
2026-03-25 21:56:19,855 - exzo-server - INFO - 🚀 Starting EXO32 EXZO-Suit Server...
2026-03-25 21:56:19,856 - exzo-server - INFO - 📁 Data directory: /root/KiberAtlet/motor_data
2026-03-25 21:56:19,856 - exzo-server - INFO - 📁 Models directory: /root/KiberAtlet/static/models
2026-03-25 21:56:19,856 - exzo-server - INFO - 📄 Using single template: exzo-suit.html
2026-03-25 21:56:19,857 - exzo-server - INFO - ✅ Database initialized
2026-03-25 22:06:49,078 - exzo-server - INFO - 🚀 Starting EXO32 EXZO-Suit Server...
2026-03-25 22:06:49,079 - exzo-server - INFO - 📁 Data directory: /root/KiberAtlet/motor_data
2026-03-25 22:06:49,079 - exzo-server - INFO - 📁 Models directory: /root/KiberAtlet/static/models
2026-03-25 22:06:49,079 - exzo-server - INFO - 📄 Using single template: exzo-suit.html
2026-03-25 22:06:49,079 - exzo-server - INFO - ✅ Database initialized
2026-03-30 11:46:59,617 - exzo-server - INFO - 🚀 Starting EXO32 EXZO-Suit Server...
2026-03-30 11:46:59,618 - exzo-server - INFO - 📁 Data directory: /root/KiberAtlet/motor_data
2026-03-30 11:46:59,618 - exzo-server - INFO - 📁 Models directory: /root/KiberAtlet/static/models
2026-03-30 11:46:59,618 - exzo-server - INFO - 📄 Using single template: exzo-suit.html
2026-03-30 11:46:59,618 - exzo-server - INFO - ✅ Database initialized
2026-03-30 11:47:04,249 - exzo-server - INFO - 🚀 Starting EXO32 EXZO-Suit Server...
2026-03-30 11:47:04,250 - exzo-server - INFO - 📁 Data directory: /root/KiberAtlet/motor_data
2026-03-30 11:47:04,250 - exzo-server - INFO - 📁 Models directory: /root/KiberAtlet/static/models
2026-03-30 11:47:04,250 - exzo-server - INFO - 📄 Using single template: exzo-suit.html
2026-03-30 11:47:04,250 - exzo-server - INFO - ✅ Database initialized
2026-04-01 22:01:46,702 - exzo-server - INFO - 🚀 Starting EXO32 EXZO-Suit Server...
2026-04-01 22:01:46,703 - exzo-server - INFO - 📁 Data directory: /root/KiberAtlet/motor_data
2026-04-01 22:01:46,703 - exzo-server - INFO - 📁 Models directory: /root/KiberAtlet/static/models
2026-04-01 22:01:46,703 - exzo-server - INFO - 📄 Using single template: exzo-suit.html
2026-04-01 22:01:46,704 - exzo-server - INFO - ✅ Database initialized
2026-04-01 22:05:44,517 - exzo-server - INFO - 🚀 Starting EXO32 EXZO-Suit Server...
2026-04-01 22:05:44,518 - exzo-server - INFO - 📁 Data directory: /root/KiberAtlet/motor_data
2026-04-01 22:05:44,518 - exzo-server - INFO - 📁 Models directory: /root/KiberAtlet/static/models
2026-04-01 22:05:44,518 - exzo-server - INFO - 📄 Using single template: exzo-suit.html
2026-04-01 22:05:44,518 - exzo-server - INFO - ✅ Database initialized
2026-04-01 22:40:17,557 - exzo-server - INFO - 🚀 Starting EXO32 EXZO-Suit Server...
2026-04-01 22:40:17,558 - exzo-server - INFO - 📁 Data directory: /root/KiberAtlet/motor_data
2026-04-01 22:40:17,558 - exzo-server - INFO - 📁 Models directory: /root/KiberAtlet/static/models
2026-04-01 22:40:17,558 - exzo-server - INFO - 📄 Using single template: exzo-suit.html
2026-04-01 22:40:17,559 - exzo-server - INFO - ✅ Database initialized
2026-04-01 23:21:53,712 - exzo-server - INFO - 🚀 Starting EXO32 EXZO-Suit Server...
2026-04-01 23:21:53,712 - exzo-server - INFO - 📁 Data directory: /root/KiberAtlet/motor_data
2026-04-01 23:21:53,712 - exzo-server - INFO - 📁 Models directory: /root/KiberAtlet/static/models
2026-04-01 23:21:53,712 - exzo-server - INFO - 📄 Using single template: exzo-suit.html
2026-04-01 23:21:53,713 - exzo-server - INFO - ✅ Database initialized
2026-04-01 23:26:23,632 - exzo-server - INFO - 🚀 Starting EXO32 EXZO-Suit Server...
2026-04-01 23:26:23,633 - exzo-server - INFO - 📁 Data directory: /root/KiberAtlet/motor_data
2026-04-01 23:26:23,633 - exzo-server - INFO - 📁 Models directory: /root/KiberAtlet/static/models
2026-04-01 23:26:23,633 - exzo-server - INFO - 📄 Using single template: exzo-suit.html
2026-04-01 23:26:23,633 - exzo-server - INFO - ✅ Database initialized
2026-04-01 23:26:30,861 - exzo-server - INFO - 🚀 Starting EXO32 EXZO-Suit Server...
2026-04-01 23:26:30,861 - exzo-server - INFO - 📁 Data directory: /root/KiberAtlet/motor_data
2026-04-01 23:26:30,862 - exzo-server - INFO - 📁 Models directory: /root/KiberAtlet/static/models
2026-04-01 23:26:30,862 - exzo-server - INFO - 📄 Using single template: exzo-suit.html
2026-04-01 23:26:30,862 - exzo-server - INFO - ✅ Database initialized
2026-04-01 23:27:02,326 - exzo-server - INFO - 🚀 Starting EXO32 EXZO-Suit Server...
2026-04-01 23:27:02,327 - exzo-server - INFO - 📁 Data directory: /root/KiberAtlet/motor_data
2026-04-01 23:27:02,327 - exzo-server - INFO - 📁 Models directory: /root/KiberAtlet/static/models
2026-04-01 23:27:02,327 - exzo-server - INFO - 📄 Using single template: exzo-suit.html
2026-04-01 23:27:02,327 - exzo-server - INFO - ✅ Database initialized
2026-04-01 23:27:04,231 - exzo-server - INFO - 🚀 Starting EXO32 EXZO-Suit Server...
2026-04-01 23:27:04,231 - exzo-server - INFO - 📁 Data directory: /root/KiberAtlet/motor_data
2026-04-01 23:27:04,231 - exzo-server - INFO - 📁 Models directory: /root/KiberAtlet/static/models
2026-04-01 23:27:04,231 - exzo-server - INFO - 📄 Using single template: exzo-suit.html
2026-04-01 23:27:04,232 - exzo-server - INFO - ✅ Database initialized
2026-04-01 23:52:15,373 - exzo-server - INFO - 🚀 Starting EXO32 EXZO-Suit Server...
2026-04-01 23:52:15,374 - exzo-server - INFO - 📁 Data directory: /root/KiberAtlet/motor_data
2026-04-01 23:52:15,374 - exzo-server - INFO - 📁 Models directory: /root/KiberAtlet/static/models
2026-04-01 23:52:15,374 - exzo-server - INFO - 📄 Using single template: exzo-suit.html
2026-04-01 23:52:15,374 - exzo-server - INFO - ✅ Database initialized
2026-04-01 23:52:18,784 - exzo-server - INFO - 🚀 Starting EXO32 EXZO-Suit Server...
2026-04-01 23:52:18,785 - exzo-server - INFO - 📁 Data directory: /root/KiberAtlet/motor_data
2026-04-01 23:52:18,785 - exzo-server - INFO - 📁 Models directory: /root/KiberAtlet/static/models
2026-04-01 23:52:18,785 - exzo-server - INFO - 📄 Using single template: exzo-suit.html
2026-04-01 23:52:18,785 - exzo-server - INFO - ✅ Database initialized
2026-04-01 23:56:42,441 - exzo-server - INFO - 🚀 Starting EXO32 EXZO-Suit Server...
2026-04-01 23:56:42,441 - exzo-server - INFO - 📁 Data directory: /root/KiberAtlet/motor_data
2026-04-01 23:56:42,442 - exzo-server - INFO - 📁 Models directory: /root/KiberAtlet/static/models
2026-04-01 23:56:42,442 - exzo-server - INFO - 📄 Using single template: exzo-suit.html
2026-04-01 23:56:42,442 - exzo-server - INFO - ✅ Database initialized
2026-04-01 23:56:54,355 - exzo-server - INFO - 🚀 Starting EXO32 EXZO-Suit Server...
2026-04-01 23:56:54,355 - exzo-server - INFO - 📁 Data directory: /root/KiberAtlet/motor_data
2026-04-01 23:56:54,355 - exzo-server - INFO - 📁 Models directory: /root/KiberAtlet/static/models
2026-04-01 23:56:54,355 - exzo-server - INFO - 📄 Using single template: exzo-suit.html
2026-04-01 23:56:54,356 - exzo-server - INFO - ✅ Database initialized
2026-04-01 23:59:23,185 - exzo-server - INFO - 🚀 Starting EXO32 EXZO-Suit Server...
2026-04-01 23:59:23,186 - exzo-server - INFO - 📁 Data directory: /root/KiberAtlet/motor_data
2026-04-01 23:59:23,187 - exzo-server - INFO - 📁 Models directory: /root/KiberAtlet/static/models
2026-04-01 23:59:23,187 - exzo-server - INFO - 📄 Using single template: exzo-suit.html
2026-04-01 23:59:23,187 - exzo-server - INFO - ✅ Database initialized
2026-04-01 23:59:32,419 - exzo-server - INFO - 🚀 Starting EXO32 EXZO-Suit Server...
2026-04-01 23:59:32,420 - exzo-server - INFO - 📁 Data directory: /root/KiberAtlet/motor_data
2026-04-01 23:59:32,420 - exzo-server - INFO - 📁 Models directory: /root/KiberAtlet/static/models
2026-04-01 23:59:32,420 - exzo-server - INFO - 📄 Using single template: exzo-suit.html
2026-04-01 23:59:32,420 - exzo-server - INFO - ✅ Database initialized
2026-04-02 00:01:42,894 - exzo-server - INFO - 🚀 Starting EXO32 EXZO-Suit Server...
2026-04-02 00:01:42,894 - exzo-server - INFO - 📁 Data directory: /root/KiberAtlet/motor_data
2026-04-02 00:01:42,895 - exzo-server - INFO - 📁 Models directory: /root/KiberAtlet/static/models
2026-04-02 00:01:42,895 - exzo-server - INFO - 📄 Using single template: exzo-suit.html
2026-04-02 00:01:42,895 - exzo-server - INFO - ✅ Database initialized
2026-04-02 00:03:36,253 - exzo-server - INFO - 🚀 Starting EXO32 EXZO-Suit Server...
2026-04-02 00:03:36,253 - exzo-server - INFO - 📁 Data directory: /root/KiberAtlet/motor_data
2026-04-02 00:03:36,253 - exzo-server - INFO - 📁 Models directory: /root/KiberAtlet/static/models
2026-04-02 00:03:36,254 - exzo-server - INFO - 📄 Using single template: exzo-suit.html
2026-04-02 00:03:36,254 - exzo-server - INFO - ✅ Database initialized
2026-04-02 00:08:59,988 - exzo-server - INFO - 🚀 Starting EXO32 EXZO-Suit Server...
2026-04-02 00:08:59,988 - exzo-server - INFO - 📁 Data directory: /root/KiberAtlet/motor_data
2026-04-02 00:08:59,988 - exzo-server - INFO - 📁 Models directory: /root/KiberAtlet/static/models
2026-04-02 00:08:59,988 - exzo-server - INFO - 📄 Using single template: Cyber-Atlet.html
2026-04-02 00:08:59,989 - exzo-server - INFO - ✅ Database initialized
2026-04-02 00:15:41,654 - exzo-server - INFO - 🚀 Starting EXO32 EXZO-Suit Server...
2026-04-02 00:15:41,654 - exzo-server - INFO - 📁 Data directory: /root/KiberAtlet/motor_data
2026-04-02 00:15:41,654 - exzo-server - INFO - 📁 Models directory: /root/KiberAtlet/static/models
2026-04-02 00:15:41,654 - exzo-server - INFO - 📄 Using single template: Cyber-Atlet.html
2026-04-02 00:15:41,655 - exzo-server - INFO - ✅ Database initialized
2026-04-02 00:18:41,007 - exzo-server - INFO - 🚀 Starting EXO32 EXZO-Suit Server...
2026-04-02 00:18:41,008 - exzo-server - INFO - 📁 Data directory: /root/KiberAtlet/motor_data
2026-04-02 00:18:41,008 - exzo-server - INFO - 📁 Models directory: /root/KiberAtlet/static/models
2026-04-02 00:18:41,008 - exzo-server - INFO - 📄 Using single template: Cyber-Atlet.html
2026-04-02 00:18:41,009 - exzo-server - INFO - ✅ Database initialized
2026-04-02 00:28:35,025 - exzo-server - INFO - 🚀 Starting EXO32 EXZO-Suit Server...
2026-04-02 00:28:35,025 - exzo-server - INFO - 📁 Data directory: /root/KiberAtlet/motor_data
2026-04-02 00:28:35,025 - exzo-server - INFO - 📁 Models directory: /root/KiberAtlet/static/models
2026-04-02 00:28:35,025 - exzo-server - INFO - 📄 Using single template: Cyber-Atlet.html
2026-04-02 00:28:35,025 - exzo-server - INFO - ✅ Database initialized
